<?xml version="1.0" encoding="UTF-8"?>
<!-- Generated by org.testng.reporters.JUnitXMLReporter -->
<testsuite ignored="0" hostname="DESKTOP-757EIR7" failures="0" tests="5" name="Test" time="123.877" errors="0" timestamp="2024-09-18T11:37:50 IST">
  <testcase classname="com_Luma_Testcases.TC_01_Luma_Registration" name="LumaRegistrationtest" time="3.811"/>
  <testcase classname="com_Luma_Testcases.TC_02_Luma_Login" name="loginTest" time="20.422"/>
  <testcase classname="com_Luma_Testcases.TC_02_Luma_Login" name="loginTest" time="20.128"/>
  <testcase classname="com_Luma_Testcases.TC_02_Luma_Login" name="loginTest" time="19.007"/>
  <testcase classname="com_Luma_Testcases.TC_03_Luma_EndToEnd" name="endToEndTest" time="40.548"/>
</testsuite> <!-- Test -->
