<?xml version="1.0" encoding="UTF-8"?>
<testng-results ignored="0" total="1" passed="1" failed="0" skipped="0">
  <reporter-output>
  </reporter-output>
  <suite started-at="2024-09-16T17:55:22 IST" name="Suite" finished-at="2024-09-16T17:55:34 IST" duration-ms="12144">
    <groups>
    </groups>
    <test started-at="2024-09-16T17:55:22 IST" name="Test" finished-at="2024-09-16T17:55:34 IST" duration-ms="12144">
      <class name="com_Luma_Testcases.TC_01_Luma_Registration">
        <test-method is-config="true" signature="openApplication(java.lang.String,java.lang.String)[pri:0, instance:com_Luma_Testcases.TC_01_Luma_Registration@7692d9cc]" started-at="2024-09-16T17:55:22 IST" name="openApplication" finished-at="2024-09-16T17:55:28 IST" duration-ms="5922" status="PASS">
          <params>
            <param index="0">
              <value>
                <![CDATA[chrome]]>
              </value>
            </param>
            <param index="1">
              <value>
                <![CDATA[https://magento.softwaretestingboard.com/customer/account/login/]]>
              </value>
            </param>
          </params>
          <reporter-output>
          </reporter-output>
        </test-method> <!-- openApplication -->
        <test-method signature="LumaRegistrationtest()[pri:0, instance:com_Luma_Testcases.TC_01_Luma_Registration@7692d9cc]" started-at="2024-09-16T17:55:28 IST" name="LumaRegistrationtest" finished-at="2024-09-16T17:55:34 IST" duration-ms="5511" status="PASS">
          <reporter-output>
          </reporter-output>
        </test-method> <!-- LumaRegistrationtest -->
      </class> <!-- com_Luma_Testcases.TC_01_Luma_Registration -->
    </test> <!-- Test -->
  </suite> <!-- Suite -->
</testng-results>
