<?xml version="1.0" encoding="UTF-8"?>
<testng-results ignored="0" total="5" passed="5" failed="0" skipped="0">
  <reporter-output>
  </reporter-output>
  <suite started-at="2024-09-18T11:35:45 IST" name="Suite" finished-at="2024-09-18T11:37:49 IST" duration-ms="123877">
    <groups>
    </groups>
    <test started-at="2024-09-18T11:35:45 IST" name="Test" finished-at="2024-09-18T11:37:49 IST" duration-ms="123877">
      <class name="com_Luma_Testcases.TC_03_Luma_EndToEnd">
        <test-method is-config="true" signature="openApplication(java.lang.String,java.lang.String)[pri:0, instance:com_Luma_Testcases.TC_03_Luma_EndToEnd@71075444]" started-at="2024-09-18T11:37:04 IST" name="openApplication" finished-at="2024-09-18T11:37:08 IST" duration-ms="4456" status="PASS">
          <params>
            <param index="0">
              <value>
                <![CDATA[chrome]]>
              </value>
            </param>
            <param index="1">
              <value>
                <![CDATA[https://magento.softwaretestingboard.com/customer/account/login/]]>
              </value>
            </param>
          </params>
          <reporter-output>
          </reporter-output>
        </test-method> <!-- openApplication -->
        <test-method signature="endToEndTest()[pri:0, instance:com_Luma_Testcases.TC_03_Luma_EndToEnd@71075444]" started-at="2024-09-18T11:37:08 IST" name="endToEndTest" finished-at="2024-09-18T11:37:49 IST" duration-ms="40548" status="PASS">
          <reporter-output>
          </reporter-output>
        </test-method> <!-- endToEndTest -->
      </class> <!-- com_Luma_Testcases.TC_03_Luma_EndToEnd -->
      <class name="com_Luma_Testcases.TC_01_Luma_Registration">
        <test-method is-config="true" signature="openApplication(java.lang.String,java.lang.String)[pri:0, instance:com_Luma_Testcases.TC_01_Luma_Registration@72bc6553]" started-at="2024-09-18T11:35:46 IST" name="openApplication" finished-at="2024-09-18T11:35:53 IST" duration-ms="7633" status="PASS">
          <params>
            <param index="0">
              <value>
                <![CDATA[chrome]]>
              </value>
            </param>
            <param index="1">
              <value>
                <![CDATA[https://magento.softwaretestingboard.com/customer/account/login/]]>
              </value>
            </param>
          </params>
          <reporter-output>
          </reporter-output>
        </test-method> <!-- openApplication -->
        <test-method signature="LumaRegistrationtest()[pri:0, instance:com_Luma_Testcases.TC_01_Luma_Registration@72bc6553]" started-at="2024-09-18T11:35:53 IST" name="LumaRegistrationtest" finished-at="2024-09-18T11:35:57 IST" duration-ms="3811" status="PASS">
          <reporter-output>
          </reporter-output>
        </test-method> <!-- LumaRegistrationtest -->
      </class> <!-- com_Luma_Testcases.TC_01_Luma_Registration -->
      <class name="com_Luma_Testcases.TC_02_Luma_Login">
        <test-method is-config="true" signature="openApplication(java.lang.String,java.lang.String)[pri:0, instance:com_Luma_Testcases.TC_02_Luma_Login@65987993]" started-at="2024-09-18T11:35:57 IST" name="openApplication" finished-at="2024-09-18T11:36:02 IST" duration-ms="4724" status="PASS">
          <params>
            <param index="0">
              <value>
                <![CDATA[chrome]]>
              </value>
            </param>
            <param index="1">
              <value>
                <![CDATA[https://magento.softwaretestingboard.com/customer/account/login/]]>
              </value>
            </param>
          </params>
          <reporter-output>
          </reporter-output>
        </test-method> <!-- openApplication -->
        <test-method signature="loginTest(java.lang.String,java.lang.String)[pri:0, instance:com_Luma_Testcases.TC_02_Luma_Login@65987993]" started-at="2024-09-18T11:36:04 IST" name="loginTest" data-provider="LumaLoginData" finished-at="2024-09-18T11:36:25 IST" duration-ms="20422" status="PASS">
          <params>
            <param index="0">
              <value>
                <![CDATA[vedang4.shastri@gmail.com]]>
              </value>
            </param>
            <param index="1">
              <value>
                <![CDATA[Vedang@123]]>
              </value>
            </param>
          </params>
          <reporter-output>
          </reporter-output>
        </test-method> <!-- loginTest -->
        <test-method signature="loginTest(java.lang.String,java.lang.String)[pri:0, instance:com_Luma_Testcases.TC_02_Luma_Login@65987993]" started-at="2024-09-18T11:36:25 IST" name="loginTest" data-provider="LumaLoginData" finished-at="2024-09-18T11:36:45 IST" duration-ms="20128" status="PASS">
          <params>
            <param index="0">
              <value>
                <![CDATA[vedang4.shastri@gmail.com]]>
              </value>
            </param>
            <param index="1">
              <value>
                <![CDATA[Vedang@123]]>
              </value>
            </param>
          </params>
          <reporter-output>
          </reporter-output>
        </test-method> <!-- loginTest -->
        <test-method signature="loginTest(java.lang.String,java.lang.String)[pri:0, instance:com_Luma_Testcases.TC_02_Luma_Login@65987993]" started-at="2024-09-18T11:36:45 IST" name="loginTest" data-provider="LumaLoginData" finished-at="2024-09-18T11:37:04 IST" duration-ms="19007" status="PASS">
          <params>
            <param index="0">
              <value>
                <![CDATA[vedang4.shastri@gmail.com]]>
              </value>
            </param>
            <param index="1">
              <value>
                <![CDATA[Vedang@123]]>
              </value>
            </param>
          </params>
          <reporter-output>
          </reporter-output>
        </test-method> <!-- loginTest -->
      </class> <!-- com_Luma_Testcases.TC_02_Luma_Login -->
    </test> <!-- Test -->
  </suite> <!-- Suite -->
</testng-results>
